  Equation_learner_v2.cpp
C:\Users\vojte\OneDrive - Západočeská univerzita v Plzni\Programing\C++\Vsechno_mozny\Equation_learner_v2\Equation_learner_v2.cpp(190,23): warning C4018: <: signed/unsigned – neshoda
C:\Users\vojte\OneDrive - Západočeská univerzita v Plzni\Programing\C++\Vsechno_mozny\Equation_learner_v2\Equation_learner_v2.cpp(193,27): warning C4018: <: signed/unsigned – neshoda
C:\Users\vojte\OneDrive - Západočeská univerzita v Plzni\Programing\C++\Vsechno_mozny\Equation_learner_v2\Equation_learner_v2.cpp(254,23): warning C4018: <: signed/unsigned – neshoda
C:\Users\vojte\OneDrive - Západočeská univerzita v Plzni\Programing\C++\Vsechno_mozny\Equation_learner_v2\Equation_learner_v2.cpp(257,27): warning C4018: <: signed/unsigned – neshoda
C:\Users\vojte\OneDrive - Západočeská univerzita v Plzni\Programing\C++\Vsechno_mozny\Equation_learner_v2\Equation_learner_v2.cpp(311,23): warning C4018: <: signed/unsigned – neshoda
C:\Users\vojte\OneDrive - Západočeská univerzita v Plzni\Programing\C++\Vsechno_mozny\Equation_learner_v2\Equation_learner_v2.cpp(321,23): warning C4018: <: signed/unsigned – neshoda
C:\Users\vojte\OneDrive - Západočeská univerzita v Plzni\Programing\C++\Vsechno_mozny\Equation_learner_v2\Equation_learner_v2.cpp(351,23): warning C4018: <: signed/unsigned – neshoda
C:\Users\vojte\OneDrive - Západočeská univerzita v Plzni\Programing\C++\Vsechno_mozny\Equation_learner_v2\Equation_learner_v2.cpp(357,31): warning C4018: <: signed/unsigned – neshoda
C:\Users\vojte\OneDrive - Západočeská univerzita v Plzni\Programing\C++\Vsechno_mozny\Equation_learner_v2\Equation_learner_v2.cpp(366,35): warning C4018: <: signed/unsigned – neshoda
C:\Users\vojte\OneDrive - Západočeská univerzita v Plzni\Programing\C++\Vsechno_mozny\Equation_learner_v2\Equation_learner_v2.cpp(390,39): warning C4018: <: signed/unsigned – neshoda
C:\Users\vojte\OneDrive - Západočeská univerzita v Plzni\Programing\C++\Vsechno_mozny\Equation_learner_v2\Equation_learner_v2.cpp(440,23): warning C4018: <: signed/unsigned – neshoda
C:\Users\vojte\OneDrive - Západočeská univerzita v Plzni\Programing\C++\Vsechno_mozny\Equation_learner_v2\Equation_learner_v2.cpp(450,23): warning C4018: <: signed/unsigned – neshoda
C:\Users\vojte\OneDrive - Západočeská univerzita v Plzni\Programing\C++\Vsechno_mozny\Equation_learner_v2\Equation_learner_v2.cpp(491,23): warning C4018: <: signed/unsigned – neshoda
C:\Users\vojte\OneDrive - Západočeská univerzita v Plzni\Programing\C++\Vsechno_mozny\Equation_learner_v2\Equation_learner_v2.cpp(493,27): warning C4018: <: signed/unsigned – neshoda
C:\Users\vojte\OneDrive - Západočeská univerzita v Plzni\Programing\C++\Vsechno_mozny\Equation_learner_v2\Equation_learner_v2.cpp(495,31): warning C4018: <: signed/unsigned – neshoda
C:\Users\vojte\OneDrive - Západočeská univerzita v Plzni\Programing\C++\Vsechno_mozny\Equation_learner_v2\Equation_learner_v2.cpp(522,29): warning C4018: <: signed/unsigned – neshoda
C:\Users\vojte\OneDrive - Západočeská univerzita v Plzni\Programing\C++\Vsechno_mozny\Equation_learner_v2\Equation_learner_v2.cpp(524,31): warning C4018: <: signed/unsigned – neshoda
C:\Users\vojte\OneDrive - Západočeská univerzita v Plzni\Programing\C++\Vsechno_mozny\Equation_learner_v2\Equation_learner_v2.cpp(526,35): warning C4018: <: signed/unsigned – neshoda
C:\Users\vojte\OneDrive - Západočeská univerzita v Plzni\Programing\C++\Vsechno_mozny\Equation_learner_v2\Equation_learner_v2.cpp(561,29): warning C4018: <: signed/unsigned – neshoda
C:\Users\vojte\OneDrive - Západočeská univerzita v Plzni\Programing\C++\Vsechno_mozny\Equation_learner_v2\Equation_learner_v2.cpp(563,31): warning C4018: <: signed/unsigned – neshoda
C:\Users\vojte\OneDrive - Západočeská univerzita v Plzni\Programing\C++\Vsechno_mozny\Equation_learner_v2\Equation_learner_v2.cpp(565,35): warning C4018: <: signed/unsigned – neshoda
C:\Users\vojte\OneDrive - Západočeská univerzita v Plzni\Programing\C++\Vsechno_mozny\Equation_learner_v2\Equation_learner_v2.cpp(652,29): warning C4018: <: signed/unsigned – neshoda
C:\Users\vojte\OneDrive - Západočeská univerzita v Plzni\Programing\C++\Vsechno_mozny\Equation_learner_v2\Equation_learner_v2.cpp(654,31): warning C4018: <: signed/unsigned – neshoda
C:\Users\vojte\OneDrive - Západočeská univerzita v Plzni\Programing\C++\Vsechno_mozny\Equation_learner_v2\Equation_learner_v2.cpp(656,35): warning C4018: <: signed/unsigned – neshoda
C:\Users\vojte\OneDrive - Západočeská univerzita v Plzni\Programing\C++\Vsechno_mozny\Equation_learner_v2\Equation_learner_v2.cpp(704,29): warning C4018: <: signed/unsigned – neshoda
C:\Users\vojte\OneDrive - Západočeská univerzita v Plzni\Programing\C++\Vsechno_mozny\Equation_learner_v2\Equation_learner_v2.cpp(706,31): warning C4018: <: signed/unsigned – neshoda
C:\Users\vojte\OneDrive - Západočeská univerzita v Plzni\Programing\C++\Vsechno_mozny\Equation_learner_v2\Equation_learner_v2.cpp(708,35): warning C4018: <: signed/unsigned – neshoda
C:\Users\vojte\OneDrive - Západočeská univerzita v Plzni\Programing\C++\Vsechno_mozny\Equation_learner_v2\Equation_learner_v2.cpp(798,23): warning C4018: <: signed/unsigned – neshoda
C:\Users\vojte\OneDrive - Západočeská univerzita v Plzni\Programing\C++\Vsechno_mozny\Equation_learner_v2\Equation_learner_v2.cpp(869,23): warning C4018: <: signed/unsigned – neshoda
C:\Users\vojte\OneDrive - Západočeská univerzita v Plzni\Programing\C++\Vsechno_mozny\Equation_learner_v2\Equation_learner_v2.cpp(884,23): warning C4018: <: signed/unsigned – neshoda
C:\Users\vojte\OneDrive - Západočeská univerzita v Plzni\Programing\C++\Vsechno_mozny\Equation_learner_v2\Equation_learner_v2.cpp(902,23): warning C4018: <: signed/unsigned – neshoda
C:\Users\vojte\OneDrive - Západočeská univerzita v Plzni\Programing\C++\Vsechno_mozny\Equation_learner_v2\Equation_learner_v2.cpp(904,27): warning C4018: <: signed/unsigned – neshoda
C:\Users\vojte\OneDrive - Západočeská univerzita v Plzni\Programing\C++\Vsechno_mozny\Equation_learner_v2\Equation_learner_v2.cpp(915,27): warning C4018: <: signed/unsigned – neshoda
C:\Users\vojte\OneDrive - Západočeská univerzita v Plzni\Programing\C++\Vsechno_mozny\Equation_learner_v2\Equation_learner_v2.cpp(919,31): warning C4018: <: signed/unsigned – neshoda
C:\Users\vojte\OneDrive - Západočeská univerzita v Plzni\Programing\C++\Vsechno_mozny\Equation_learner_v2\Equation_learner_v2.cpp(944,23): warning C4018: <: signed/unsigned – neshoda
C:\Users\vojte\OneDrive - Západočeská univerzita v Plzni\Programing\C++\Vsechno_mozny\Equation_learner_v2\Equation_learner_v2.cpp(955,23): warning C4018: <: signed/unsigned – neshoda
C:\Users\vojte\OneDrive - Západočeská univerzita v Plzni\Programing\C++\Vsechno_mozny\Equation_learner_v2\Equation_learner_v2.cpp(965,25): warning C4018: <: signed/unsigned – neshoda
C:\Users\vojte\OneDrive - Západočeská univerzita v Plzni\Programing\C++\Vsechno_mozny\Equation_learner_v2\Equation_learner_v2.cpp(967,27): warning C4018: <: signed/unsigned – neshoda
C:\Users\vojte\OneDrive - Západočeská univerzita v Plzni\Programing\C++\Vsechno_mozny\Equation_learner_v2\Equation_learner_v2.cpp(969,31): warning C4018: <: signed/unsigned – neshoda
C:\Users\vojte\OneDrive - Západočeská univerzita v Plzni\Programing\C++\Vsechno_mozny\Equation_learner_v2\Equation_learner_v2.cpp(980,23): warning C4018: <: signed/unsigned – neshoda
C:\Users\vojte\OneDrive - Západočeská univerzita v Plzni\Programing\C++\Vsechno_mozny\Equation_learner_v2\Equation_learner_v2.cpp(984,27): warning C4018: <: signed/unsigned – neshoda
C:\Users\vojte\OneDrive - Západočeská univerzita v Plzni\Programing\C++\Vsechno_mozny\Equation_learner_v2\Equation_learner_v2.cpp(1023,23): warning C4018: <: signed/unsigned – neshoda
C:\Users\vojte\OneDrive - Západočeská univerzita v Plzni\Programing\C++\Vsechno_mozny\Equation_learner_v2\Equation_learner_v2.cpp(1047,23): warning C4018: <: signed/unsigned – neshoda
C:\Users\vojte\OneDrive - Západočeská univerzita v Plzni\Programing\C++\Vsechno_mozny\Equation_learner_v2\Equation_learner_v2.cpp(1139,23): warning C4018: <: signed/unsigned – neshoda
  Vytváří se kód.
  1 of 1243 functions (<0.1%) were compiled, the rest were copied from previous compilation.
    0 functions were new in current compilation
    9 functions had inline decision re-evaluated but remain unchanged
  Vytváření kódu se dokončilo.
  Equation_learner_v2.vcxproj -> C:\Users\vojte\OneDrive - Západočeská univerzita v Plzni\Programing\C++\Vsechno_mozny\Release\Equation_learner_v2.exe
