C:\Program Files (x86)\Microsoft Visual Studio\2019\Community\MSBuild\Microsoft\VC\v160\Microsoft.CppBuild.targets(513,5): warning MSB8028: Zprostředkující adresář (Debug\) obsahuje soubory sdílené z jiného projektu (Canny_Deriche_edge_detector.vcxproj). To může způsobit nesprávné chování při čištění a opětovném sestavení.
  Canny_Deriche_edge_detector.cpp
C:\Users\vojte\OneDrive - Západočeská univerzita v Plzni\Programing\C++\Canny_Deriche_edge_detector\Canny_Deriche_edge_detector\Canny_Deriche_edge_detector\Canny_Deriche_edge_detector.cpp(92,46): warning C4244: =: double se převádí na _Ty; může dojít ke ztrátě dat.
          with
          [
              _Ty=float
          ]
C:\Users\vojte\OneDrive - Západočeská univerzita v Plzni\Programing\C++\Canny_Deriche_edge_detector\Canny_Deriche_edge_detector\Canny_Deriche_edge_detector\Canny_Deriche_edge_detector.cpp(121,27): warning C4018: <: signed/unsigned – neshoda
C:\Users\vojte\OneDrive - Západočeská univerzita v Plzni\Programing\C++\Canny_Deriche_edge_detector\Canny_Deriche_edge_detector\Canny_Deriche_edge_detector\Canny_Deriche_edge_detector.cpp(240,27): warning C4018: <: signed/unsigned – neshoda
C:\Users\vojte\OneDrive - Západočeská univerzita v Plzni\Programing\C++\Canny_Deriche_edge_detector\Canny_Deriche_edge_detector\Canny_Deriche_edge_detector\Canny_Deriche_edge_detector.cpp(338,17): warning C4244: inicializování: double se převádí na float; může dojít ke ztrátě dat.
C:\Users\vojte\OneDrive - Západočeská univerzita v Plzni\Programing\C++\Canny_Deriche_edge_detector\Canny_Deriche_edge_detector\Canny_Deriche_edge_detector\Canny_Deriche_edge_detector.cpp(341,28): warning C4244: inicializování: double se převádí na float; může dojít ke ztrátě dat.
C:\Users\vojte\OneDrive - Západočeská univerzita v Plzni\Programing\C++\Canny_Deriche_edge_detector\Canny_Deriche_edge_detector\Canny_Deriche_edge_detector\Canny_Deriche_edge_detector.cpp(341,67): warning C4244: inicializování: double se převádí na float; může dojít ke ztrátě dat.
C:\Users\vojte\OneDrive - Západočeská univerzita v Plzni\Programing\C++\Canny_Deriche_edge_detector\Canny_Deriche_edge_detector\Canny_Deriche_edge_detector\Canny_Deriche_edge_detector.cpp(341,106): warning C4244: inicializování: double se převádí na float; může dojít ke ztrátě dat.
C:\Users\vojte\OneDrive - Západočeská univerzita v Plzni\Programing\C++\Canny_Deriche_edge_detector\Canny_Deriche_edge_detector\Canny_Deriche_edge_detector\Canny_Deriche_edge_detector.cpp(342,28): warning C4244: inicializování: double se převádí na float; může dojít ke ztrátě dat.
C:\Users\vojte\OneDrive - Západočeská univerzita v Plzni\Programing\C++\Canny_Deriche_edge_detector\Canny_Deriche_edge_detector\Canny_Deriche_edge_detector\Canny_Deriche_edge_detector.cpp(342,67): warning C4244: inicializování: double se převádí na float; může dojít ke ztrátě dat.
C:\Users\vojte\OneDrive - Západočeská univerzita v Plzni\Programing\C++\Canny_Deriche_edge_detector\Canny_Deriche_edge_detector\Canny_Deriche_edge_detector\Canny_Deriche_edge_detector.cpp(342,106): warning C4244: inicializování: double se převádí na float; může dojít ke ztrátě dat.
C:\Users\vojte\OneDrive - Západočeská univerzita v Plzni\Programing\C++\Canny_Deriche_edge_detector\Canny_Deriche_edge_detector\Canny_Deriche_edge_detector\Canny_Deriche_edge_detector.cpp(343,19): warning C4244: inicializování: double se převádí na float; může dojít ke ztrátě dat.
C:\Users\vojte\OneDrive - Západočeská univerzita v Plzni\Programing\C++\Canny_Deriche_edge_detector\Canny_Deriche_edge_detector\Canny_Deriche_edge_detector\Canny_Deriche_edge_detector.cpp(343,42): warning C4244: inicializování: double se převádí na float; může dojít ke ztrátě dat.
C:\Users\vojte\OneDrive - Západočeská univerzita v Plzni\Programing\C++\Canny_Deriche_edge_detector\Canny_Deriche_edge_detector\Canny_Deriche_edge_detector\Canny_Deriche_edge_detector.cpp(352,40): warning C4244: =: double se převádí na float; může dojít ke ztrátě dat.
C:\Users\vojte\OneDrive - Západočeská univerzita v Plzni\Programing\C++\Canny_Deriche_edge_detector\Canny_Deriche_edge_detector\Canny_Deriche_edge_detector\Canny_Deriche_edge_detector.cpp(352,79): warning C4244: =: double se převádí na float; může dojít ke ztrátě dat.
C:\Users\vojte\OneDrive - Západočeská univerzita v Plzni\Programing\C++\Canny_Deriche_edge_detector\Canny_Deriche_edge_detector\Canny_Deriche_edge_detector\Canny_Deriche_edge_detector.cpp(352,105): warning C4244: =: double se převádí na float; může dojít ke ztrátě dat.
C:\Users\vojte\OneDrive - Západočeská univerzita v Plzni\Programing\C++\Canny_Deriche_edge_detector\Canny_Deriche_edge_detector\Canny_Deriche_edge_detector\Canny_Deriche_edge_detector.cpp(353,15): warning C4244: =: double se převádí na float; může dojít ke ztrátě dat.
C:\Users\vojte\OneDrive - Západočeská univerzita v Plzni\Programing\C++\Canny_Deriche_edge_detector\Canny_Deriche_edge_detector\Canny_Deriche_edge_detector\Canny_Deriche_edge_detector.cpp(360,40): warning C4244: =: double se převádí na float; může dojít ke ztrátě dat.
C:\Users\vojte\OneDrive - Západočeská univerzita v Plzni\Programing\C++\Canny_Deriche_edge_detector\Canny_Deriche_edge_detector\Canny_Deriche_edge_detector\Canny_Deriche_edge_detector.cpp(360,79): warning C4244: =: double se převádí na float; může dojít ke ztrátě dat.
C:\Users\vojte\OneDrive - Západočeská univerzita v Plzni\Programing\C++\Canny_Deriche_edge_detector\Canny_Deriche_edge_detector\Canny_Deriche_edge_detector\Canny_Deriche_edge_detector.cpp(360,105): warning C4244: =: double se převádí na float; může dojít ke ztrátě dat.
C:\Users\vojte\OneDrive - Západočeská univerzita v Plzni\Programing\C++\Canny_Deriche_edge_detector\Canny_Deriche_edge_detector\Canny_Deriche_edge_detector\Canny_Deriche_edge_detector.cpp(362,26): warning C4244: =: double se převádí na float; může dojít ke ztrátě dat.
  Canny_Deriche_edge_detector.vcxproj -> C:\Users\vojte\OneDrive - Západočeská univerzita v Plzni\Programing\C++\Canny_Deriche_edge_detector\Canny_Deriche_edge_detector\Debug\Canny_Deriche_edge_detector.exe
