  Equation_learner.cpp
C:\Users\vojte\OneDrive - Západočeská univerzita v Plzni\Programing\C++\Vsechno_mozny\Equation_learner\Equation_learner.cpp(191,23): warning C4018: <: signed/unsigned – neshoda
C:\Users\vojte\OneDrive - Západočeská univerzita v Plzni\Programing\C++\Vsechno_mozny\Equation_learner\Equation_learner.cpp(194,27): warning C4018: <: signed/unsigned – neshoda
C:\Users\vojte\OneDrive - Západočeská univerzita v Plzni\Programing\C++\Vsechno_mozny\Equation_learner\Equation_learner.cpp(261,23): warning C4018: <: signed/unsigned – neshoda
C:\Users\vojte\OneDrive - Západočeská univerzita v Plzni\Programing\C++\Vsechno_mozny\Equation_learner\Equation_learner.cpp(264,27): warning C4018: <: signed/unsigned – neshoda
C:\Users\vojte\OneDrive - Západočeská univerzita v Plzni\Programing\C++\Vsechno_mozny\Equation_learner\Equation_learner.cpp(323,23): warning C4018: <: signed/unsigned – neshoda
C:\Users\vojte\OneDrive - Západočeská univerzita v Plzni\Programing\C++\Vsechno_mozny\Equation_learner\Equation_learner.cpp(333,23): warning C4018: <: signed/unsigned – neshoda
C:\Users\vojte\OneDrive - Západočeská univerzita v Plzni\Programing\C++\Vsechno_mozny\Equation_learner\Equation_learner.cpp(363,23): warning C4018: <: signed/unsigned – neshoda
C:\Users\vojte\OneDrive - Západočeská univerzita v Plzni\Programing\C++\Vsechno_mozny\Equation_learner\Equation_learner.cpp(369,31): warning C4018: <: signed/unsigned – neshoda
C:\Users\vojte\OneDrive - Západočeská univerzita v Plzni\Programing\C++\Vsechno_mozny\Equation_learner\Equation_learner.cpp(378,35): warning C4018: <: signed/unsigned – neshoda
C:\Users\vojte\OneDrive - Západočeská univerzita v Plzni\Programing\C++\Vsechno_mozny\Equation_learner\Equation_learner.cpp(402,39): warning C4018: <: signed/unsigned – neshoda
C:\Users\vojte\OneDrive - Západočeská univerzita v Plzni\Programing\C++\Vsechno_mozny\Equation_learner\Equation_learner.cpp(462,23): warning C4018: <: signed/unsigned – neshoda
C:\Users\vojte\OneDrive - Západočeská univerzita v Plzni\Programing\C++\Vsechno_mozny\Equation_learner\Equation_learner.cpp(468,31): warning C4018: <: signed/unsigned – neshoda
C:\Users\vojte\OneDrive - Západočeská univerzita v Plzni\Programing\C++\Vsechno_mozny\Equation_learner\Equation_learner.cpp(477,35): warning C4018: <: signed/unsigned – neshoda
C:\Users\vojte\OneDrive - Západočeská univerzita v Plzni\Programing\C++\Vsechno_mozny\Equation_learner\Equation_learner.cpp(501,39): warning C4018: <: signed/unsigned – neshoda
C:\Users\vojte\OneDrive - Západočeská univerzita v Plzni\Programing\C++\Vsechno_mozny\Equation_learner\Equation_learner.cpp(551,23): warning C4018: <: signed/unsigned – neshoda
C:\Users\vojte\OneDrive - Západočeská univerzita v Plzni\Programing\C++\Vsechno_mozny\Equation_learner\Equation_learner.cpp(561,23): warning C4018: <: signed/unsigned – neshoda
C:\Users\vojte\OneDrive - Západočeská univerzita v Plzni\Programing\C++\Vsechno_mozny\Equation_learner\Equation_learner.cpp(602,23): warning C4018: <: signed/unsigned – neshoda
C:\Users\vojte\OneDrive - Západočeská univerzita v Plzni\Programing\C++\Vsechno_mozny\Equation_learner\Equation_learner.cpp(604,27): warning C4018: <: signed/unsigned – neshoda
C:\Users\vojte\OneDrive - Západočeská univerzita v Plzni\Programing\C++\Vsechno_mozny\Equation_learner\Equation_learner.cpp(606,31): warning C4018: <: signed/unsigned – neshoda
C:\Users\vojte\OneDrive - Západočeská univerzita v Plzni\Programing\C++\Vsechno_mozny\Equation_learner\Equation_learner.cpp(633,29): warning C4018: <: signed/unsigned – neshoda
C:\Users\vojte\OneDrive - Západočeská univerzita v Plzni\Programing\C++\Vsechno_mozny\Equation_learner\Equation_learner.cpp(635,31): warning C4018: <: signed/unsigned – neshoda
C:\Users\vojte\OneDrive - Západočeská univerzita v Plzni\Programing\C++\Vsechno_mozny\Equation_learner\Equation_learner.cpp(637,35): warning C4018: <: signed/unsigned – neshoda
C:\Users\vojte\OneDrive - Západočeská univerzita v Plzni\Programing\C++\Vsechno_mozny\Equation_learner\Equation_learner.cpp(713,29): warning C4018: <: signed/unsigned – neshoda
C:\Users\vojte\OneDrive - Západočeská univerzita v Plzni\Programing\C++\Vsechno_mozny\Equation_learner\Equation_learner.cpp(715,31): warning C4018: <: signed/unsigned – neshoda
C:\Users\vojte\OneDrive - Západočeská univerzita v Plzni\Programing\C++\Vsechno_mozny\Equation_learner\Equation_learner.cpp(717,35): warning C4018: <: signed/unsigned – neshoda
C:\Users\vojte\OneDrive - Západočeská univerzita v Plzni\Programing\C++\Vsechno_mozny\Equation_learner\Equation_learner.cpp(797,23): warning C4018: <: signed/unsigned – neshoda
C:\Users\vojte\OneDrive - Západočeská univerzita v Plzni\Programing\C++\Vsechno_mozny\Equation_learner\Equation_learner.cpp(868,23): warning C4018: <: signed/unsigned – neshoda
C:\Users\vojte\OneDrive - Západočeská univerzita v Plzni\Programing\C++\Vsechno_mozny\Equation_learner\Equation_learner.cpp(883,23): warning C4018: <: signed/unsigned – neshoda
C:\Users\vojte\OneDrive - Západočeská univerzita v Plzni\Programing\C++\Vsechno_mozny\Equation_learner\Equation_learner.cpp(901,23): warning C4018: <: signed/unsigned – neshoda
C:\Users\vojte\OneDrive - Západočeská univerzita v Plzni\Programing\C++\Vsechno_mozny\Equation_learner\Equation_learner.cpp(903,27): warning C4018: <: signed/unsigned – neshoda
C:\Users\vojte\OneDrive - Západočeská univerzita v Plzni\Programing\C++\Vsechno_mozny\Equation_learner\Equation_learner.cpp(914,27): warning C4018: <: signed/unsigned – neshoda
C:\Users\vojte\OneDrive - Západočeská univerzita v Plzni\Programing\C++\Vsechno_mozny\Equation_learner\Equation_learner.cpp(918,31): warning C4018: <: signed/unsigned – neshoda
C:\Users\vojte\OneDrive - Západočeská univerzita v Plzni\Programing\C++\Vsechno_mozny\Equation_learner\Equation_learner.cpp(943,23): warning C4018: <: signed/unsigned – neshoda
C:\Users\vojte\OneDrive - Západočeská univerzita v Plzni\Programing\C++\Vsechno_mozny\Equation_learner\Equation_learner.cpp(954,23): warning C4018: <: signed/unsigned – neshoda
C:\Users\vojte\OneDrive - Západočeská univerzita v Plzni\Programing\C++\Vsechno_mozny\Equation_learner\Equation_learner.cpp(964,25): warning C4018: <: signed/unsigned – neshoda
C:\Users\vojte\OneDrive - Západočeská univerzita v Plzni\Programing\C++\Vsechno_mozny\Equation_learner\Equation_learner.cpp(966,27): warning C4018: <: signed/unsigned – neshoda
C:\Users\vojte\OneDrive - Západočeská univerzita v Plzni\Programing\C++\Vsechno_mozny\Equation_learner\Equation_learner.cpp(968,31): warning C4018: <: signed/unsigned – neshoda
C:\Users\vojte\OneDrive - Západočeská univerzita v Plzni\Programing\C++\Vsechno_mozny\Equation_learner\Equation_learner.cpp(979,23): warning C4018: <: signed/unsigned – neshoda
C:\Users\vojte\OneDrive - Západočeská univerzita v Plzni\Programing\C++\Vsechno_mozny\Equation_learner\Equation_learner.cpp(983,27): warning C4018: <: signed/unsigned – neshoda
C:\Users\vojte\OneDrive - Západočeská univerzita v Plzni\Programing\C++\Vsechno_mozny\Equation_learner\Equation_learner.cpp(1022,23): warning C4018: <: signed/unsigned – neshoda
C:\Users\vojte\OneDrive - Západočeská univerzita v Plzni\Programing\C++\Vsechno_mozny\Equation_learner\Equation_learner.cpp(1046,23): warning C4018: <: signed/unsigned – neshoda
  Vytváří se kód.
  176 of 532 functions (33.1%) were compiled, the rest were copied from previous compilation.
    19 functions were new in current compilation
    25 functions had inline decision re-evaluated but remain unchanged
  Vytváření kódu se dokončilo.
  Equation_learner.vcxproj -> C:\Users\vojte\OneDrive - Západočeská univerzita v Plzni\Programing\C++\Vsechno_mozny\Release\Equation_learner.exe
